<?xml version="1.0" encoding="UTF-8"?>
<!-- Generated by org.testng.reporters.JUnitReportReporter -->
<testsuite skipped="0" hostname="Ibrahims-MBP" name="com.qa.orangehrm.tests.HomePageTest" tests="8" failures="0" timestamp="2020-10-19T09:42:47 EDT" time="41.151" errors="0">
  <testcase name="verifyHomePageTitle" time="5.764" classname="com.qa.orangehrm.tests.HomePageTest"/>
  <system-out/>
  <testcase name="verifyHomePageTitle" time="4.445" classname="com.qa.orangehrm.tests.HomePageTest"/>
  <system-out/>
  <testcase name="verifyHomePageHeader" time="3.948" classname="com.qa.orangehrm.tests.HomePageTest"/>
  <system-out/>
  <testcase name="verifyHomePageHeader" time="5.337" classname="com.qa.orangehrm.tests.HomePageTest"/>
  <system-out/>
  <testcase name="verifyLoggedInUserAccount" time="6.567" classname="com.qa.orangehrm.tests.HomePageTest"/>
  <system-out/>
  <testcase name="verifyLoggedInUserAccount" time="6.508" classname="com.qa.orangehrm.tests.HomePageTest"/>
  <system-out/>
  <testcase name="verifyAuthentication" time="4.351" classname="com.qa.orangehrm.tests.HomePageTest"/>
  <system-out/>
  <testcase name="verifyAuthentication" time="4.231" classname="com.qa.orangehrm.tests.HomePageTest"/>
  <system-out/>
</testsuite> <!-- com.qa.orangehrm.tests.HomePageTest -->
