<?xml version="1.0" encoding="UTF-8"?>
<!-- Generated by org.testng.reporters.JUnitReportReporter -->
<testsuite skipped="2" hostname="Ibrahims-MBP" name="com.qa.orangehrm.tests.LoginPageTest" tests="8" failures="0" timestamp="2020-10-19T09:42:47 EDT" time="36.884" errors="0">
  <testcase name="verifyLoginPageTitle" time="4.324" classname="com.qa.orangehrm.tests.LoginPageTest"/>
  <system-out/>
  <testcase name="verifyLoginPageTitle" time="6.249" classname="com.qa.orangehrm.tests.LoginPageTest"/>
  <system-out/>
  <testcase name="verifyForgetPassLink" time="2.546" classname="com.qa.orangehrm.tests.LoginPageTest"/>
  <system-out/>
  <testcase name="verifyForgetPassLink" time="10.299" classname="com.qa.orangehrm.tests.LoginPageTest"/>
  <system-out/>
  <testcase name="loginTest" time="6.958" classname="com.qa.orangehrm.tests.LoginPageTest"/>
  <system-out/>
  <testcase name="loginTest" time="6.508" classname="com.qa.orangehrm.tests.LoginPageTest"/>
  <system-out/>
  <testcase name="login_InvalidTestCase" classname="com.qa.orangehrm.tests.LoginPageTest">
    <skipped/>
  </testcase> <!-- login_InvalidTestCase -->
  <system-out/>
  <testcase name="login_InvalidTestCase" classname="com.qa.orangehrm.tests.LoginPageTest">
    <skipped/>
  </testcase> <!-- login_InvalidTestCase -->
  <system-out/>
</testsuite> <!-- com.qa.orangehrm.tests.LoginPageTest -->
