<?xml version="1.0" encoding="UTF-8"?>
<!-- Generated by org.testng.reporters.JUnitReportReporter -->
<testsuite skipped="0" hostname="Ibrahims-MBP" name="com.qa.orangehrm.tests.AddEmployeeTest" tests="3" failures="0" timestamp="2020-10-15T10:24:21 EDT" time="196.086" errors="0">
  <testcase name="addEmployeeTest" time="64.843" classname="com.qa.orangehrm.tests.AddEmployeeTest"/>
  <system-out/>
  <testcase name="addEmployeeTest" time="64.917" classname="com.qa.orangehrm.tests.AddEmployeeTest"/>
  <system-out/>
  <testcase name="addEmployeeTest" time="66.326" classname="com.qa.orangehrm.tests.AddEmployeeTest"/>
  <system-out/>
</testsuite> <!-- com.qa.orangehrm.tests.AddEmployeeTest -->
