<?xml version="1.0" encoding="UTF-8"?>
<!-- Generated by org.testng.reporters.JUnitReportReporter -->
<testsuite skipped="0" hostname="Ibrahims-MBP" name="com.qa.orangehrm.tests.HomePageTest" tests="1" failures="0" timestamp="14 Oct 2020 15:52:56 GMT" time="9.159" errors="0">
  <testcase name="verifyHomePageTitle" time="9.159" classname="com.qa.orangehrm.tests.HomePageTest"/>
</testsuite> <!-- com.qa.orangehrm.tests.HomePageTest -->
