<?xml version="1.0" encoding="UTF-8"?>
<!-- Generated by org.testng.reporters.JUnitReportReporter -->
<testsuite skipped="1" hostname="Ibrahims-MBP" name="com.qa.orangehrm.tests.LoginPageTest" tests="2" failures="0" timestamp="14 Oct 2020 15:52:56 GMT" time="2.648" errors="0">
  <testcase name="verifyloginPageTitle" time="2.648" classname="com.qa.orangehrm.tests.LoginPageTest"/>
  <testcase name="login_InvalidTestCase" classname="com.qa.orangehrm.tests.LoginPageTest">
    <skipped/>
  </testcase> <!-- login_InvalidTestCase -->
</testsuite> <!-- com.qa.orangehrm.tests.LoginPageTest -->
